john jay dining hall 
privacy notice iframe detected
javascript removal successful
jj's place 
privacy notice iframe detected
javascript removal successful
WebDriverException occurred: Message: element click intercepted: Element <button data-ng-bind-html="getMenuName(menu)" data-ng-click="setMenu(menu)" data-ng-class="(menu == activeMenu) ? 'active' : ''" class="ng-binding">...</button> is not clickable at point (1019, 943). Other element would receive the click: <div id="back-to-top-container" class="container" role="navigation">...</div>
  (Session info: chrome=130.0.6723.70)
Stacktrace:
	GetHandleVerifier [0x00ED3853+24035]
	(No symbol) [0x00E5BBE4]
	(No symbol) [0x00D3C2D3]
	(No symbol) [0x00D83B27]
	(No symbol) [0x00D81F89]
	(No symbol) [0x00D7FE64]
	(No symbol) [0x00D7F45E]
	(No symbol) [0x00D7414D]
	(No symbol) [0x00D9FE8C]
	(No symbol) [0x00D73C04]
	(No symbol) [0x00DA0124]
	(No symbol) [0x00DB953F]
	(No symbol) [0x00D9FC26]
	(No symbol) [0x00D7218C]
	(No symbol) [0x00D7310D]
	GetHandleVerifier [0x01179683+2800659]
	GetHandleVerifier [0x011D423E+3172302]
	GetHandleVerifier [0x011CCE52+3142626]
	GetHandleVerifier [0x00F76C00+692624]
	(No symbol) [0x00E64BFD]
	(No symbol) [0x00E61908]
	(No symbol) [0x00E61AA0]
	(No symbol) [0x00E53F50]
	BaseThreadInitThunk [0x76047BA9+25]
	RtlInitializeExceptionChain [0x76FEC0CB+107]
	RtlClearBits [0x76FEC04F+191]

Traceback (most recent call last):
  File "C:\Users\carol\lion-dine\lion-dine\lion-dine\scrape.py", line 214, in <module>
    scrape_and_save()
  File "C:\Users\carol\lion-dine\lion-dine\lion-dine\scrape.py", line 197, in scrape_and_save
    data = scrape_all()
           ^^^^^^^^^^^^
  File "C:\Users\carol\lion-dine\lion-dine\lion-dine\scrape.py", line 185, in scrape_all
    dict.update(hall_data)
TypeError: 'NoneType' object is not iterable
